<?xml version="1.0" encoding="UTF-8"?>
<testsuite xmlns:xsi="http://www.w3.org/2001/XMLSchema-instance" xsi:noNamespaceSchemaLocation="https://maven.apache.org/surefire/maven-surefire-plugin/xsd/surefire-test-report.xsd" name="ExponentiationTest" time="0.016" tests="1" errors="0" skipped="0" failures="0">
  <properties>
    <property name="sun.desktop" value="windows"/>
    <property name="awt.toolkit" value="sun.awt.windows.WToolkit"/>
    <property name="java.specification.version" value="11"/>
    <property name="sun.cpu.isalist" value="amd64"/>
    <property name="sun.jnu.encoding" value="Cp1252"/>
    <property name="java.class.path" value="D:\Attila\Programok\IdeaProjects\EncDecMVC\target\test-classes;D:\Attila\Programok\IdeaProjects\EncDecMVC\target\classes;C:\Users\Attila\.m2\repository\org\openjfx\javafx-controls\11\javafx-controls-11.jar;C:\Users\Attila\.m2\repository\org\openjfx\javafx-controls\11\javafx-controls-11-win.jar;C:\Users\Attila\.m2\repository\org\openjfx\javafx-media\11\javafx-media-11.jar;C:\Users\Attila\.m2\repository\org\openjfx\javafx-media\11\javafx-media-11-win.jar;C:\Users\Attila\.m2\repository\org\openjfx\javafx-graphics\11\javafx-graphics-11.jar;C:\Users\Attila\.m2\repository\org\openjfx\javafx-graphics\11\javafx-graphics-11-win.jar;C:\Users\Attila\.m2\repository\org\openjfx\javafx-base\11\javafx-base-11.jar;C:\Users\Attila\.m2\repository\org\openjfx\javafx-base\11\javafx-base-11-win.jar;C:\Users\Attila\.m2\repository\org\openjfx\javafx-fxml\11\javafx-fxml-11.jar;C:\Users\Attila\.m2\repository\org\openjfx\javafx-fxml\11\javafx-fxml-11-win.jar;C:\Users\Attila\.m2\repository\org\hibernate\hibernate-entitymanager\4.3.6.Final\hibernate-entitymanager-4.3.6.Final.jar;C:\Users\Attila\.m2\repository\org\jboss\logging\jboss-logging\3.1.3.GA\jboss-logging-3.1.3.GA.jar;C:\Users\Attila\.m2\repository\org\jboss\logging\jboss-logging-annotations\1.2.0.Beta1\jboss-logging-annotations-1.2.0.Beta1.jar;C:\Users\Attila\.m2\repository\org\hibernate\hibernate-core\4.3.6.Final\hibernate-core-4.3.6.Final.jar;C:\Users\Attila\.m2\repository\antlr\antlr\2.7.7\antlr-2.7.7.jar;C:\Users\Attila\.m2\repository\org\jboss\jandex\1.1.0.Final\jandex-1.1.0.Final.jar;C:\Users\Attila\.m2\repository\dom4j\dom4j\1.6.1\dom4j-1.6.1.jar;C:\Users\Attila\.m2\repository\xml-apis\xml-apis\1.0.b2\xml-apis-1.0.b2.jar;C:\Users\Attila\.m2\repository\org\hibernate\common\hibernate-commons-annotations\4.0.5.Final\hibernate-commons-annotations-4.0.5.Final.jar;C:\Users\Attila\.m2\repository\org\hibernate\javax\persistence\hibernate-jpa-2.1-api\1.0.0.Final\hibernate-jpa-2.1-api-1.0.0.Final.jar;C:\Users\Attila\.m2\repository\org\jboss\spec\javax\transaction\jboss-transaction-api_1.2_spec\1.0.0.Final\jboss-transaction-api_1.2_spec-1.0.0.Final.jar;C:\Users\Attila\.m2\repository\org\javassist\javassist\3.18.1-GA\javassist-3.18.1-GA.jar;C:\Users\Attila\.m2\repository\mysql\mysql-connector-java\5.1.10\mysql-connector-java-5.1.10.jar;C:\Users\Attila\.m2\repository\org\junit\jupiter\junit-jupiter-api\5.4.0\junit-jupiter-api-5.4.0.jar;C:\Users\Attila\.m2\repository\org\apiguardian\apiguardian-api\1.0.0\apiguardian-api-1.0.0.jar;C:\Users\Attila\.m2\repository\org\opentest4j\opentest4j\1.1.1\opentest4j-1.1.1.jar;C:\Users\Attila\.m2\repository\org\junit\platform\junit-platform-commons\1.4.0\junit-platform-commons-1.4.0.jar;C:\Users\Attila\.m2\repository\org\junit\jupiter\junit-jupiter-engine\5.4.0\junit-jupiter-engine-5.4.0.jar;C:\Users\Attila\.m2\repository\org\junit\platform\junit-platform-engine\1.4.0\junit-platform-engine-1.4.0.jar;C:\Users\Attila\.m2\repository\junit\junit\4.12\junit-4.12.jar;C:\Users\Attila\.m2\repository\org\hamcrest\hamcrest-core\1.3\hamcrest-core-1.3.jar;"/>
    <property name="java.vm.vendor" value="Oracle Corporation"/>
    <property name="sun.arch.data.model" value="64"/>
    <property name="user.variant" value=""/>
    <property name="java.vendor.url" value="http://java.oracle.com/"/>
    <property name="user.timezone" value="Europe/Prague"/>
    <property name="java.vm.specification.version" value="11"/>
    <property name="os.name" value="Windows 10"/>
    <property name="sun.java.launcher" value="SUN_STANDARD"/>
    <property name="user.country" value="US"/>
    <property name="sun.boot.library.path" value="C:\Program Files\Java\jdk-11.0.2\bin"/>
    <property name="sun.java.command" value="C:\Users\Attila\AppData\Local\Temp\surefire5220415131682173955\surefirebooter10446917645350070898.jar C:\Users\Attila\AppData\Local\Temp\surefire5220415131682173955 2019-05-06T21-56-32_750-jvmRun1 surefire17902804592678496166tmp surefire_011216992587698153341tmp"/>
    <property name="jdk.debug" value="release"/>
    <property name="surefire.test.class.path" value="D:\Attila\Programok\IdeaProjects\EncDecMVC\target\test-classes;D:\Attila\Programok\IdeaProjects\EncDecMVC\target\classes;C:\Users\Attila\.m2\repository\org\openjfx\javafx-controls\11\javafx-controls-11.jar;C:\Users\Attila\.m2\repository\org\openjfx\javafx-controls\11\javafx-controls-11-win.jar;C:\Users\Attila\.m2\repository\org\openjfx\javafx-media\11\javafx-media-11.jar;C:\Users\Attila\.m2\repository\org\openjfx\javafx-media\11\javafx-media-11-win.jar;C:\Users\Attila\.m2\repository\org\openjfx\javafx-graphics\11\javafx-graphics-11.jar;C:\Users\Attila\.m2\repository\org\openjfx\javafx-graphics\11\javafx-graphics-11-win.jar;C:\Users\Attila\.m2\repository\org\openjfx\javafx-base\11\javafx-base-11.jar;C:\Users\Attila\.m2\repository\org\openjfx\javafx-base\11\javafx-base-11-win.jar;C:\Users\Attila\.m2\repository\org\openjfx\javafx-fxml\11\javafx-fxml-11.jar;C:\Users\Attila\.m2\repository\org\openjfx\javafx-fxml\11\javafx-fxml-11-win.jar;C:\Users\Attila\.m2\repository\org\hibernate\hibernate-entitymanager\4.3.6.Final\hibernate-entitymanager-4.3.6.Final.jar;C:\Users\Attila\.m2\repository\org\jboss\logging\jboss-logging\3.1.3.GA\jboss-logging-3.1.3.GA.jar;C:\Users\Attila\.m2\repository\org\jboss\logging\jboss-logging-annotations\1.2.0.Beta1\jboss-logging-annotations-1.2.0.Beta1.jar;C:\Users\Attila\.m2\repository\org\hibernate\hibernate-core\4.3.6.Final\hibernate-core-4.3.6.Final.jar;C:\Users\Attila\.m2\repository\antlr\antlr\2.7.7\antlr-2.7.7.jar;C:\Users\Attila\.m2\repository\org\jboss\jandex\1.1.0.Final\jandex-1.1.0.Final.jar;C:\Users\Attila\.m2\repository\dom4j\dom4j\1.6.1\dom4j-1.6.1.jar;C:\Users\Attila\.m2\repository\xml-apis\xml-apis\1.0.b2\xml-apis-1.0.b2.jar;C:\Users\Attila\.m2\repository\org\hibernate\common\hibernate-commons-annotations\4.0.5.Final\hibernate-commons-annotations-4.0.5.Final.jar;C:\Users\Attila\.m2\repository\org\hibernate\javax\persistence\hibernate-jpa-2.1-api\1.0.0.Final\hibernate-jpa-2.1-api-1.0.0.Final.jar;C:\Users\Attila\.m2\repository\org\jboss\spec\javax\transaction\jboss-transaction-api_1.2_spec\1.0.0.Final\jboss-transaction-api_1.2_spec-1.0.0.Final.jar;C:\Users\Attila\.m2\repository\org\javassist\javassist\3.18.1-GA\javassist-3.18.1-GA.jar;C:\Users\Attila\.m2\repository\mysql\mysql-connector-java\5.1.10\mysql-connector-java-5.1.10.jar;C:\Users\Attila\.m2\repository\org\junit\jupiter\junit-jupiter-api\5.4.0\junit-jupiter-api-5.4.0.jar;C:\Users\Attila\.m2\repository\org\apiguardian\apiguardian-api\1.0.0\apiguardian-api-1.0.0.jar;C:\Users\Attila\.m2\repository\org\opentest4j\opentest4j\1.1.1\opentest4j-1.1.1.jar;C:\Users\Attila\.m2\repository\org\junit\platform\junit-platform-commons\1.4.0\junit-platform-commons-1.4.0.jar;C:\Users\Attila\.m2\repository\org\junit\jupiter\junit-jupiter-engine\5.4.0\junit-jupiter-engine-5.4.0.jar;C:\Users\Attila\.m2\repository\org\junit\platform\junit-platform-engine\1.4.0\junit-platform-engine-1.4.0.jar;C:\Users\Attila\.m2\repository\junit\junit\4.12\junit-4.12.jar;C:\Users\Attila\.m2\repository\org\hamcrest\hamcrest-core\1.3\hamcrest-core-1.3.jar;"/>
    <property name="sun.cpu.endian" value="little"/>
    <property name="user.home" value="C:\Users\Attila"/>
    <property name="user.language" value="en"/>
    <property name="java.specification.vendor" value="Oracle Corporation"/>
    <property name="java.version.date" value="2019-01-15"/>
    <property name="java.home" value="C:\Program Files\Java\jdk-11.0.2"/>
    <property name="file.separator" value="\"/>
    <property name="basedir" value="D:\Attila\Programok\IdeaProjects\EncDecMVC"/>
    <property name="java.vm.compressedOopsMode" value="32-bit"/>
    <property name="line.separator" value="&#10;"/>
    <property name="java.specification.name" value="Java Platform API Specification"/>
    <property name="java.vm.specification.vendor" value="Oracle Corporation"/>
    <property name="java.awt.graphicsenv" value="sun.awt.Win32GraphicsEnvironment"/>
    <property name="surefire.real.class.path" value="C:\Users\Attila\AppData\Local\Temp\surefire5220415131682173955\surefirebooter10446917645350070898.jar"/>
    <property name="user.script" value=""/>
    <property name="sun.management.compiler" value="HotSpot 64-Bit Tiered Compilers"/>
    <property name="java.runtime.version" value="11.0.2+9-LTS"/>
    <property name="user.name" value="Attila"/>
    <property name="path.separator" value=";"/>
    <property name="os.version" value="10.0"/>
    <property name="java.runtime.name" value="Java(TM) SE Runtime Environment"/>
    <property name="file.encoding" value="Cp1252"/>
    <property name="java.vm.name" value="Java HotSpot(TM) 64-Bit Server VM"/>
    <property name="java.vendor.version" value="18.9"/>
    <property name="localRepository" value="C:\Users\Attila\.m2\repository"/>
    <property name="java.vendor.url.bug" value="http://bugreport.java.com/bugreport/"/>
    <property name="java.io.tmpdir" value="C:\Users\Attila\AppData\Local\Temp\"/>
    <property name="java.version" value="11.0.2"/>
    <property name="user.dir" value="D:\Attila\Programok\IdeaProjects\EncDecMVC"/>
    <property name="os.arch" value="amd64"/>
    <property name="java.vm.specification.name" value="Java Virtual Machine Specification"/>
    <property name="java.awt.printerjob" value="sun.awt.windows.WPrinterJob"/>
    <property name="sun.os.patch.level" value=""/>
    <property name="java.library.path" value="C:\Program Files\Java\jdk-11.0.2\bin;C:\Windows\Sun\Java\bin;C:\Windows\system32;C:\Windows;C:\Users\Attila\.posh_gvm\visualvm\current\bin;C:\Users\Attila\.posh_gvm\vertx\current\bin;C:\Users\Attila\.posh_gvm\sshoogr\current\bin;C:\Users\Attila\.posh_gvm\springboot\current\bin;C:\Users\Attila\.posh_gvm\spark\current\bin;C:\Users\Attila\.posh_gvm\scala\current\bin;C:\Users\Attila\.posh_gvm\sbt\current\bin;C:\Users\Attila\.posh_gvm\micronaut\current\bin;C:\Users\Attila\.posh_gvm\maven\current\bin;C:\Users\Attila\.posh_gvm\leiningen\current\bin;C:\Users\Attila\.posh_gvm\lazybones\current\bin;C:\Users\Attila\.posh_gvm\kscript\current\bin;C:\Users\Attila\.posh_gvm\kotlin\current\bin;C:\Users\Attila\.posh_gvm\jbake\current\bin;C:\Users\Attila\.posh_gvm\infrastructor\current\bin;C:\Users\Attila\.posh_gvm\groovyserv\current\bin;C:\Users\Attila\.posh_gvm\groovy\current\bin;C:\Users\Attila\.posh_gvm\grails\current\bin;C:\Users\Attila\.posh_gvm\gradle\current\bin;C:\Users\Attila\.posh_gvm\glide\current\bin;C:\Users\Attila\.posh_gvm\gaiden\current\bin;C:\Users\Attila\.posh_gvm\cxf\current\bin;C:\Users\Attila\.posh_gvm\crash\current\bin;C:\Users\Attila\.posh_gvm\ceylon\current\bin;C:\Users\Attila\.posh_gvm\bpipe\current\bin;C:\Users\Attila\.posh_gvm\asciidoctorj\current\bin;C:\Users\Attila\.posh_gvm\ant\current\bin;C:\Program Files\Java\jdk-11.0.2\bin;C:\Program Files (x86)\Common Files\Intel\Shared Libraries\redist\intel64\compiler;C:\Program Files (x86)\Common Files\Oracle\Java\javapath;C:\Windows\system32;C:\Windows;C:\Windows\System32\Wbem;C:\Windows\System32\WindowsPowerShell\v1.0\;C:\Windows\System32\OpenSSH\;C:\Program Files (x86)\NVIDIA Corporation\PhysX\Common;C:\Windows\Microsoft.NET\Framework64\v4.0.30319;C:\MinGW\bin;C:\Program Files\Java\jdk1.8.0_191\bin;C:\Program Files\dotnet\;C:\Program Files\NVIDIA Corporation\NVIDIA NvDLISR;D:\Attila\Programok\MatLab\runtime\win64;D:\Attila\Programok\MatLab\bin;C:\Program Files\Git\cmd;C:\Program Files\apache-maven-3.6.0\bin;C:\Users\Attila\AppData\Local\Programs\Python\Python37\Scripts\;C:\Users\Attila\AppData\Local\Programs\Python\Python37\;C:\Users\Attila\AppData\Local\Microsoft\WindowsApps;C:\Users\Attila\AppData\Local\atom\bin;C:\Users\Attila\AppData\Local\Programs\Microsoft VS Code\bin;C:\Users\Attila\.dotnet\tools;."/>
    <property name="java.vendor" value="Oracle Corporation"/>
    <property name="java.vm.info" value="mixed mode"/>
    <property name="java.vm.version" value="11.0.2+9-LTS"/>
    <property name="sun.io.unicode.encoding" value="UnicodeLittle"/>
    <property name="java.class.version" value="55.0"/>
  </properties>
  <testcase name="remainderWithZeroAsBaseShouldBeZero" classname="ExponentiationTest" time="0.016"/>
</testsuite>